[  0%] Built target _nav_r_generate_messages_check_deps_AprilTagDetectionArray
[  0%] Built target geometry_msgs_generate_messages_nodejs
[  0%] Built target sensor_msgs_generate_messages_nodejs
[  0%] Built target std_msgs_generate_messages_nodejs
[  0%] Built target std_msgs_generate_messages_py
[  0%] Built target _nav_r_generate_messages_check_deps_AprilTagDetection
[  0%] Built target sensor_msgs_generate_messages_py
[  0%] Built target geometry_msgs_generate_messages_py
[  0%] Built target std_msgs_generate_messages_lisp
[  0%] Built target geometry_msgs_generate_messages_lisp
[  0%] Built target sensor_msgs_generate_messages_lisp
[  0%] Built target std_msgs_generate_messages_eus
[  0%] Built target sensor_msgs_generate_messages_eus
[  0%] Built target geometry_msgs_generate_messages_eus
[  0%] Built target sensor_msgs_generate_messages_cpp
[  0%] Built target std_msgs_generate_messages_cpp
[  0%] Built target geometry_msgs_generate_messages_cpp
[  0%] Built target roscpp_generate_messages_lisp
[  0%] Built target rosgraph_msgs_generate_messages_lisp
[  0%] Built target rosgraph_msgs_generate_messages_nodejs
[  0%] Built target roscpp_generate_messages_nodejs
[  0%] Built target rosgraph_msgs_generate_messages_cpp
[  0%] Built target roscpp_generate_messages_eus
[  0%] Built target roscpp_generate_messages_cpp
[  0%] Built target rosgraph_msgs_generate_messages_eus
[  0%] Built target roscpp_generate_messages_py
[  0%] Built target rosgraph_msgs_generate_messages_py
[ 14%] Built target nav_r_generate_messages_nodejs
[ 35%] Built target nav_r_generate_messages_py
[ 50%] Built target nav_r_generate_messages_lisp
[ 71%] Built target nav_r_generate_messages_eus
[ 85%] Built target nav_r_generate_messages_cpp
[35m[1mScanning dependencies of target pub_pose[0m
[ 85%] Built target nav_r_generate_messages
[ 92%] [32mBuilding CXX object CMakeFiles/pub_pose.dir/src/pub_pose.cpp.o[0m
[01m[K/home/kevin/workSpace/hw5_ws/src/nav_r/src/pub_pose.cpp:1:51:[m[K [01;31m[Kfatal error: [m[Kapriltags2_ros/AprilTagDetectionArray.h: No such file or directory
compilation terminated.
CMakeFiles/pub_pose.dir/build.make:62: recipe for target 'CMakeFiles/pub_pose.dir/src/pub_pose.cpp.o' failed
CMakeFiles/Makefile2:1501: recipe for target 'CMakeFiles/pub_pose.dir/all' failed
make[2]: *** [CMakeFiles/pub_pose.dir/src/pub_pose.cpp.o] Error 1
make[1]: *** [CMakeFiles/pub_pose.dir/all] Error 2
make: *** [all] Error 2
Makefile:138: recipe for target 'all' failed
